<?xml version="1.0" encoding="UTF-8"?>
<!-- Generated by org.testng.reporters.JUnitReportReporter -->
<testsuite skipped="0" hostname="LAPTOP-I72Q667K" name="practise.AppiumGradeup.testCase1" tests="1" failures="0" timestamp="2020-05-27T00:30:57 IST" time="57.340" errors="0">
  <testcase name="mainPageTest" time="57.340" classname="practise.AppiumGradeup.testCase1"/>
  <system-out/>
</testsuite> <!-- practise.AppiumGradeup.testCase1 -->
